[INFO] Scanning for projects...
[INFO] 
[INFO] -----------------------< com.fpt.practical:java >-----------------------
[INFO] Building java 0.0.1-SNAPSHOT
[INFO] --------------------------------[ jar ]---------------------------------
[INFO] 
[INFO] --- maven-clean-plugin:3.1.0:clean (default-clean) @ java ---
[INFO] Deleting E:\CN9\FU_Submission_Webservice\submission\PracticalExams\Practical_Java_IA1431_20200412\Server\target
[INFO] 
[INFO] --- maven-resources-plugin:3.1.0:resources (default-resources) @ java ---
[INFO] Using 'UTF-8' encoding to copy filtered resources.
[INFO] Copying 1 resource
[INFO] Copying 0 resource
[INFO] 
[INFO] --- maven-compiler-plugin:3.8.1:compile (default-compile) @ java ---
[INFO] Changes detected - recompiling the module!
[INFO] Compiling 5 source files to E:\CN9\FU_Submission_Webservice\submission\PracticalExams\Practical_Java_IA1431_20200412\Server\target\classes
[INFO] 
[INFO] --- maven-resources-plugin:3.1.0:testResources (default-testResources) @ java ---
[INFO] Using 'UTF-8' encoding to copy filtered resources.
[INFO] skip non existing resourceDirectory E:\CN9\FU_Submission_Webservice\submission\PracticalExams\Practical_Java_IA1431_20200412\Server\src\test\resources
[INFO] 
[INFO] --- maven-compiler-plugin:3.8.1:testCompile (default-testCompile) @ java ---
[INFO] Changes detected - recompiling the module!
[INFO] Compiling 3 source files to E:\CN9\FU_Submission_Webservice\submission\PracticalExams\Practical_Java_IA1431_20200412\Server\target\test-classes
[INFO] 
[INFO] --- maven-surefire-plugin:2.22.2:test (default-test) @ java ---
[INFO] 
[INFO] -------------------------------------------------------
[INFO]  T E S T S
[INFO] -------------------------------------------------------
[INFO] Running com.practicalexam.JavaApplicationTests
21:06:12.562 [main] DEBUG org.springframework.test.context.BootstrapUtils - Instantiating CacheAwareContextLoaderDelegate from class [org.springframework.test.context.cache.DefaultCacheAwareContextLoaderDelegate]
21:06:12.938 [main] DEBUG org.springframework.test.context.BootstrapUtils - Instantiating BootstrapContext using constructor [public org.springframework.test.context.support.DefaultBootstrapContext(java.lang.Class,org.springframework.test.context.CacheAwareContextLoaderDelegate)]
21:06:13.917 [main] DEBUG org.springframework.test.context.BootstrapUtils - Instantiating TestContextBootstrapper for test class [com.practicalexam.JavaApplicationTests] from class [org.springframework.boot.test.context.SpringBootTestContextBootstrapper]
21:06:13.982 [main] INFO org.springframework.boot.test.context.SpringBootTestContextBootstrapper - Neither @ContextConfiguration nor @ContextHierarchy found for test class [com.practicalexam.JavaApplicationTests], using SpringBootContextLoader
21:06:14.002 [main] DEBUG org.springframework.test.context.support.AbstractContextLoader - Did not detect default resource location for test class [com.practicalexam.JavaApplicationTests]: class path resource [com/practicalexam/JavaApplicationTests-context.xml] does not exist
21:06:14.004 [main] DEBUG org.springframework.test.context.support.AbstractContextLoader - Did not detect default resource location for test class [com.practicalexam.JavaApplicationTests]: class path resource [com/practicalexam/JavaApplicationTestsContext.groovy] does not exist
21:06:14.004 [main] INFO org.springframework.test.context.support.AbstractContextLoader - Could not detect default resource locations for test class [com.practicalexam.JavaApplicationTests]: no resource found for suffixes {-context.xml, Context.groovy}.
21:06:14.005 [main] INFO org.springframework.test.context.support.AnnotationConfigContextLoaderUtils - Could not detect default configuration classes for test class [com.practicalexam.JavaApplicationTests]: JavaApplicationTests does not declare any static, non-private, non-final, nested classes annotated with @Configuration.
21:06:14.180 [main] DEBUG org.springframework.test.context.support.ActiveProfilesUtils - Could not find an 'annotation declaring class' for annotation type [org.springframework.test.context.ActiveProfiles] and class [com.practicalexam.JavaApplicationTests]
21:06:14.524 [main] DEBUG org.springframework.context.annotation.ClassPathScanningCandidateComponentProvider - Identified candidate component class: file [E:\CN9\FU_Submission_Webservice\submission\PracticalExams\Practical_Java_IA1431_20200412\Server\target\classes\com\practicalexam\JavaApplication.class]
21:06:14.529 [main] INFO org.springframework.boot.test.context.SpringBootTestContextBootstrapper - Found @SpringBootConfiguration com.practicalexam.JavaApplication for test class com.practicalexam.JavaApplicationTests
21:06:15.015 [main] DEBUG org.springframework.boot.test.context.SpringBootTestContextBootstrapper - @TestExecutionListeners is not present for class [com.practicalexam.JavaApplicationTests]: using defaults.
21:06:15.016 [main] INFO org.springframework.boot.test.context.SpringBootTestContextBootstrapper - Loaded default TestExecutionListener class names from location [META-INF/spring.factories]: [org.springframework.boot.test.mock.mockito.MockitoTestExecutionListener, org.springframework.boot.test.mock.mockito.ResetMocksTestExecutionListener, org.springframework.boot.test.autoconfigure.restdocs.RestDocsTestExecutionListener, org.springframework.boot.test.autoconfigure.web.client.MockRestServiceServerResetTestExecutionListener, org.springframework.boot.test.autoconfigure.web.servlet.MockMvcPrintOnlyOnFailureTestExecutionListener, org.springframework.boot.test.autoconfigure.web.servlet.WebDriverTestExecutionListener, org.springframework.test.context.web.ServletTestExecutionListener, org.springframework.test.context.support.DirtiesContextBeforeModesTestExecutionListener, org.springframework.test.context.support.DependencyInjectionTestExecutionListener, org.springframework.test.context.support.DirtiesContextTestExecutionListener, org.springframework.test.context.transaction.TransactionalTestExecutionListener, org.springframework.test.context.jdbc.SqlScriptsTestExecutionListener, org.springframework.test.context.event.EventPublishingTestExecutionListener]
21:06:15.080 [main] DEBUG org.springframework.boot.test.context.SpringBootTestContextBootstrapper - Skipping candidate TestExecutionListener [org.springframework.test.context.transaction.TransactionalTestExecutionListener] due to a missing dependency. Specify custom listener classes or make the default listener classes and their required dependencies available. Offending class: [org/springframework/transaction/interceptor/TransactionAttributeSource]
21:06:15.081 [main] DEBUG org.springframework.boot.test.context.SpringBootTestContextBootstrapper - Skipping candidate TestExecutionListener [org.springframework.test.context.jdbc.SqlScriptsTestExecutionListener] due to a missing dependency. Specify custom listener classes or make the default listener classes and their required dependencies available. Offending class: [org/springframework/transaction/interceptor/TransactionAttribute]
21:06:15.082 [main] INFO org.springframework.boot.test.context.SpringBootTestContextBootstrapper - Using TestExecutionListeners: [org.springframework.test.context.web.ServletTestExecutionListener@346939bf, org.springframework.test.context.support.DirtiesContextBeforeModesTestExecutionListener@4bf3798b, org.springframework.boot.test.mock.mockito.MockitoTestExecutionListener@58670130, org.springframework.boot.test.autoconfigure.SpringBootDependencyInjectionTestExecutionListener@74e47444, org.springframework.test.context.support.DirtiesContextTestExecutionListener@9bd0fa6, org.springframework.test.context.event.EventPublishingTestExecutionListener@59d2103b, org.springframework.boot.test.mock.mockito.ResetMocksTestExecutionListener@39dcf4b0, org.springframework.boot.test.autoconfigure.restdocs.RestDocsTestExecutionListener@6e4de19b, org.springframework.boot.test.autoconfigure.web.client.MockRestServiceServerResetTestExecutionListener@f6c03cb, org.springframework.boot.test.autoconfigure.web.servlet.MockMvcPrintOnlyOnFailureTestExecutionListener@46f699d5, org.springframework.boot.test.autoconfigure.web.servlet.WebDriverTestExecutionListener@18518ccf]
21:06:15.089 [main] DEBUG org.springframework.test.context.support.AbstractDirtiesContextTestExecutionListener - Before test class: context [DefaultTestContext@72a85671 testClass = JavaApplicationTests, testInstance = [null], testMethod = [null], testException = [null], mergedContextConfiguration = [WebMergedContextConfiguration@6722db6e testClass = JavaApplicationTests, locations = '{}', classes = '{class com.practicalexam.JavaApplication}', contextInitializerClasses = '[]', activeProfiles = '{}', propertySourceLocations = '{}', propertySourceProperties = '{org.springframework.boot.test.context.SpringBootTestContextBootstrapper=true}', contextCustomizers = set[org.springframework.boot.test.context.filter.ExcludeFilterContextCustomizer@2631f68c, org.springframework.boot.test.json.DuplicateJsonObjectContextCustomizerFactory$DuplicateJsonObjectContextCustomizer@30af5b6b, org.springframework.boot.test.mock.mockito.MockitoContextCustomizer@0, org.springframework.boot.test.web.client.TestRestTemplateContextCustomizer@53fd0d10, org.springframework.boot.test.autoconfigure.properties.PropertyMappingContextCustomizer@0, org.springframework.boot.test.autoconfigure.web.servlet.WebDriverContextCustomizerFactory$Customizer@503ecb24], resourceBasePath = 'src/main/webapp', contextLoader = 'org.springframework.boot.test.context.SpringBootContextLoader', parent = [null]], attributes = map['org.springframework.test.context.web.ServletTestExecutionListener.activateListener' -> true]], class annotated with @DirtiesContext [false] with mode [null].
21:06:15.230 [main] DEBUG org.springframework.test.context.support.TestPropertySourceUtils - Adding inlined properties to environment: {spring.jmx.enabled=false, org.springframework.boot.test.context.SpringBootTestContextBootstrapper=true, server.port=-1}

  .   ____          _            __ _ _
 /\\ / ___'_ __ _ _(_)_ __  __ _ \ \ \ \
( ( )\___ | '_ | '_| | '_ \/ _` | \ \ \ \
 \\/  ___)| |_)| | | | | || (_| |  ) ) ) )
  '  |____| .__|_| |_|_| |_\__, | / / / /
 =========|_|==============|___/=/_/_/_/
 :: Spring Boot ::        (v2.2.4.RELEASE)

2020-04-12 21:06:17.440  INFO 18112 --- [           main] com.practicalexam.JavaApplicationTests   : Starting JavaApplicationTests on THUCNHSE63155 with PID 18112 (started by HP in E:\CN9\FU_Submission_Webservice\submission\PracticalExams\Practical_Java_IA1431_20200412\Server)
2020-04-12 21:06:17.443  INFO 18112 --- [           main] com.practicalexam.JavaApplicationTests   : No active profile set, falling back to default profiles: default
2020-04-12 21:06:21.935  INFO 18112 --- [           main] trationDelegate$BeanPostProcessorChecker : Bean 'org.springframework.ws.config.annotation.DelegatingWsConfiguration' of type [org.springframework.ws.config.annotation.DelegatingWsConfiguration$$EnhancerBySpringCGLIB$$b11a5da] is not eligible for getting processed by all BeanPostProcessors (for example: not eligible for auto-proxying)
2020-04-12 21:06:22.385  INFO 18112 --- [           main] .w.s.a.s.AnnotationActionEndpointMapping : Supporting [WS-Addressing August 2004, WS-Addressing 1.0]
2020-04-12 21:06:24.234  INFO 18112 --- [           main] o.s.s.concurrent.ThreadPoolTaskExecutor  : Initializing ExecutorService 'applicationTaskExecutor'
2020-04-12 21:06:25.855  INFO 18112 --- [           main] com.practicalexam.JavaApplicationTests   : Started JavaApplicationTests in 10.555 seconds (JVM running for 21.859)
Enter cake id: This id really exist
Enter cake name: |SE1431|1000  |modelTest      |10|100.000|
insertShoes
Test Successful for test: insertShoes()
Enter cake id: This id really exist
Enter cake name: |SE1431|1000  |DuplicatedModel|10|100.000|
checkDuplicatedId
Test Aborted for test: checkDuplicatedId()
Enter cake id: This id really exist
Enter cake name: |SE1431|1001  |modelUpdate    |11|1001.000|
==========Start Update==========
Enter id you want to update name and price: Enter new name cake you want to update: Enter new price cake you want to update: |SE1431|1001  |modelUpdate    |11|1001.000|
updateShoes
Test Successful for test: updateShoes()
Enter cake id: This id really exist
Enter cake name: |SE1431|1002  |modelSearch    |12|1002.000|
==========Start Search==========
Enter id you want to search: |SE1431|1002  |modelSearch    |12|1002.000|
searchShoes
Test Successful for test: searchShoes()
Enter cake id: This id really exist
Enter cake name: |SE1431|1003  |aModelSort     |12|1003.000|
==========Start Sort==========
|SE1431|1003  |aModelSort     |12|1003.000|
sortShoes
Test Successful for test: sortShoes()
Enter cake id: This id really exist
Enter cake name: |SE1431|1004  |modelRemove    |14|1004.000|
insertShoes
Enter id you want to remove: REMOVE SUCCESSFUL
removeShoes
Test Successful for test: removeShoes()
E:\CN9\FU_Submission_Webservice\submission\PracticalExams\Practical_Java_IA1431_20200412\Server\src\test\java\com\practicalexam
E:\CN9\FU_Submission_Webservice\submission\PracticalExams\Practical_Java_IA1431_20200412\Server\src\test\java\com\practicalexam
[ERROR] Tests run: 6, Failures: 1, Errors: 0, Skipped: 0, Time elapsed: 19.417 s <<< FAILURE! - in com.practicalexam.JavaApplicationTests
[ERROR] checkDuplicatedId  Time elapsed: 0.091 s  <<< FAILURE!
org.opentest4j.AssertionFailedError: expected: <false> but was: <true>
	at com.practicalexam.JavaApplicationTests.checkDuplicatedId(EXAM_SE140025_Java_439576447.java:42)

2020-04-12 21:06:29.085  INFO 18112 --- [extShutdownHook] o.s.s.concurrent.ThreadPoolTaskExecutor  : Shutting down ExecutorService 'applicationTaskExecutor'
[INFO] 
[INFO] Results:
[INFO] 
[ERROR] Failures: 
[ERROR]   JavaApplicationTests.checkDuplicatedId:42 expected: <false> but was: <true>
[INFO] 
[ERROR] Tests run: 6, Failures: 1, Errors: 0, Skipped: 0
[INFO] 
[INFO] ------------------------------------------------------------------------
[INFO] BUILD FAILURE
[INFO] ------------------------------------------------------------------------
[INFO] Total time:  54.832 s
[INFO] Finished at: 2020-04-12T21:06:29+07:00
[INFO] ------------------------------------------------------------------------
[ERROR] Failed to execute goal org.apache.maven.plugins:maven-surefire-plugin:2.22.2:test (default-test) on project java: There are test failures.
[ERROR] 
[ERROR] Please refer to E:\CN9\FU_Submission_Webservice\submission\PracticalExams\Practical_Java_IA1431_20200412\Server\target\surefire-reports for the individual test results.
[ERROR] Please refer to dump files (if any exist) [date].dump, [date]-jvmRun[N].dump and [date].dumpstream.
[ERROR] -> [Help 1]
[ERROR] 
[ERROR] To see the full stack trace of the errors, re-run Maven with the -e switch.
[ERROR] Re-run Maven using the -X switch to enable full debug logging.
[ERROR] 
[ERROR] For more information about the errors and possible solutions, please read the following articles:
[ERROR] [Help 1] http://cwiki.apache.org/confluence/display/MAVEN/MojoFailureException
